Using pre-set license
Built from '2021.3/staging' branch; Version is '2021.3.4f1 (cb45f9cae8b7) revision 13321721'; Using compiler version '192829333'; Build Type 'Release'
OS: 'Windows 10  (10.0.19045) 64bit Professional' Language: 'es' Physical Memory: 16305 MB
BatchMode: 1, IsHumanControllingUs: 0, StartBugReporterOnCrash: 0, Is64bit: 1, IsPro: 1

COMMAND LINE ARGUMENTS:
C:\Program Files\Unity\Hub\Editor\2021.3.4f1\Editor\Unity.exe
-adb2
-batchMode
-noUpm
-name
AssetImportWorker3
-projectPath
C:/Users/marin/Documents/GitHub/Digital-Audio/MarinaAlbala_SceneAudio
-logFile
Logs/AssetImportWorker3.log
-srvPort
54435
Successfully changed project path to: C:/Users/marin/Documents/GitHub/Digital-Audio/MarinaAlbala_SceneAudio
C:/Users/marin/Documents/GitHub/Digital-Audio/MarinaAlbala_SceneAudio
[UnityMemory] Configuration Parameters - Can be set up in boot.config
    "memorysetup-bucket-allocator-granularity=16"
    "memorysetup-bucket-allocator-bucket-count=8"
    "memorysetup-bucket-allocator-block-size=33554432"
    "memorysetup-bucket-allocator-block-count=8"
    "memorysetup-main-allocator-block-size=16777216"
    "memorysetup-thread-allocator-block-size=16777216"
    "memorysetup-gfx-main-allocator-block-size=16777216"
    "memorysetup-gfx-thread-allocator-block-size=16777216"
    "memorysetup-cache-allocator-block-size=4194304"
    "memorysetup-typetree-allocator-block-size=2097152"
    "memorysetup-profiler-bucket-allocator-granularity=16"
    "memorysetup-profiler-bucket-allocator-bucket-count=8"
    "memorysetup-profiler-bucket-allocator-block-size=33554432"
    "memorysetup-profiler-bucket-allocator-block-count=8"
    "memorysetup-profiler-allocator-block-size=16777216"
    "memorysetup-profiler-editor-allocator-block-size=1048576"
    "memorysetup-temp-allocator-size-main=16777216"
    "memorysetup-job-temp-allocator-block-size=2097152"
    "memorysetup-job-temp-allocator-block-size-background=1048576"
    "memorysetup-job-temp-allocator-reduction-small-platforms=262144"
    "memorysetup-temp-allocator-size-background-worker=32768"
    "memorysetup-temp-allocator-size-job-worker=262144"
    "memorysetup-temp-allocator-size-preload-manager=33554432"
    "memorysetup-temp-allocator-size-nav-mesh-worker=65536"
    "memorysetup-temp-allocator-size-audio-worker=65536"
    "memorysetup-temp-allocator-size-cloud-worker=32768"
    "memorysetup-temp-allocator-size-gi-baking-worker=262144"
    "memorysetup-temp-allocator-size-gfx=262144"
Refreshing native plugins compatible for Editor in 118.51 ms, found 3 plugins.
Preloading 0 native plugins for Editor in 0.00 ms.
Initialize engine version: 2021.3.4f1 (cb45f9cae8b7)
[Subsystems] Discovering subsystems at path C:/Program Files/Unity/Hub/Editor/2021.3.4f1/Editor/Data/Resources/UnitySubsystems
[Subsystems] Discovering subsystems at path C:/Users/marin/Documents/GitHub/Digital-Audio/MarinaAlbala_SceneAudio/Assets
GfxDevice: creating device client; threaded=0; jobified=0
Direct3D:
    Version:  Direct3D 11.0 [level 11.1]
    Renderer: NVIDIA GeForce RTX 3090 (ID=0x2204)
    Vendor:   NVIDIA
    VRAM:     24340 MB
    Driver:   31.0.15.3161
Initialize mono
Mono path[0] = 'C:/Program Files/Unity/Hub/Editor/2021.3.4f1/Editor/Data/Managed'
Mono path[1] = 'C:/Program Files/Unity/Hub/Editor/2021.3.4f1/Editor/Data/MonoBleedingEdge/lib/mono/unityjit-win32'
Mono config path = 'C:/Program Files/Unity/Hub/Editor/2021.3.4f1/Editor/Data/MonoBleedingEdge/etc'
Using monoOptions --debugger-agent=transport=dt_socket,embedding=1,server=y,suspend=n,address=127.0.0.1:56552
Begin MonoManager ReloadAssembly
Registering precompiled unity dll's ...
Register platform support module: C:/Program Files/Unity/Hub/Editor/2021.3.4f1/Editor/Data/PlaybackEngines/WindowsStandaloneSupport/UnityEditor.WindowsStandalone.Extensions.dll
Registered in 0.007466 seconds.
Native extension for WindowsStandalone target not found
Refreshing native plugins compatible for Editor in 99.11 ms, found 3 plugins.
Preloading 0 native plugins for Editor in 0.00 ms.
Mono: successfully reloaded assembly
- Completed reload, in  0.610 seconds
Domain Reload Profiling:
	ReloadAssembly (611ms)
		BeginReloadAssembly (68ms)
			ExecutionOrderSort (0ms)
			DisableScriptedObjects (0ms)
			BackupInstance (0ms)
			ReleaseScriptingObjects (0ms)
			CreateAndSetChildDomain (1ms)
		EndReloadAssembly (436ms)
			LoadAssemblies (65ms)
			RebuildTransferFunctionScriptingTraits (0ms)
			SetupTypeCache (95ms)
			ReleaseScriptCaches (0ms)
			RebuildScriptCaches (24ms)
			SetupLoadedEditorAssemblies (272ms)
				LogAssemblyErrors (0ms)
				InitializePlatformSupportModulesInManaged (8ms)
				SetLoadedEditorAssemblies (0ms)
				RefreshPlugins (99ms)
				BeforeProcessingInitializeOnLoad (1ms)
				ProcessInitializeOnLoadAttributes (123ms)
				ProcessInitializeOnLoadMethodAttributes (41ms)
				AfterProcessingInitializeOnLoad (0ms)
				EditorAssembliesLoaded (0ms)
			ExecutionOrderSort2 (0ms)
			AwakeInstancesAfterBackupRestoration (0ms)
Platform modules already initialized, skipping
Registering precompiled user dll's ...
Registered in 0.006688 seconds.
Begin MonoManager ReloadAssembly
Symbol file LoadedFromMemory doesn't match image C:\Users\marin\Documents\GitHub\Digital-Audio\MarinaAlbala_SceneAudio\Library\PackageCache\com.unity.visualscripting@1.7.8\Editor\VisualScripting.Core\Dependencies\YamlDotNet\Unity.VisualScripting.YamlDotNet.dll
Symbol file LoadedFromMemory doesn't match image C:\Users\marin\Documents\GitHub\Digital-Audio\MarinaAlbala_SceneAudio\Library\PackageCache\com.unity.visualscripting@1.7.8\Editor\VisualScripting.Core\Dependencies\DotNetZip\Unity.VisualScripting.IonicZip.dll
Native extension for WindowsStandalone target not found
Refreshing native plugins compatible for Editor in 0.73 ms, found 3 plugins.
Preloading 0 native plugins for Editor in 0.00 ms.
Mono: successfully reloaded assembly
- Completed reload, in  0.981 seconds
Domain Reload Profiling:
	ReloadAssembly (981ms)
		BeginReloadAssembly (101ms)
			ExecutionOrderSort (0ms)
			DisableScriptedObjects (5ms)
			BackupInstance (0ms)
			ReleaseScriptingObjects (0ms)
			CreateAndSetChildDomain (18ms)
		EndReloadAssembly (768ms)
			LoadAssemblies (75ms)
			RebuildTransferFunctionScriptingTraits (0ms)
			SetupTypeCache (239ms)
			ReleaseScriptCaches (1ms)
			RebuildScriptCaches (47ms)
			SetupLoadedEditorAssemblies (372ms)
				LogAssemblyErrors (0ms)
				InitializePlatformSupportModulesInManaged (5ms)
				SetLoadedEditorAssemblies (0ms)
				RefreshPlugins (1ms)
				BeforeProcessingInitializeOnLoad (93ms)
				ProcessInitializeOnLoadAttributes (239ms)
				ProcessInitializeOnLoadMethodAttributes (24ms)
				AfterProcessingInitializeOnLoad (8ms)
				EditorAssembliesLoaded (0ms)
			ExecutionOrderSort2 (0ms)
			AwakeInstancesAfterBackupRestoration (6ms)
Platform modules already initialized, skipping
========================================================================
Worker process is ready to serve import requests
Launched and connected shader compiler UnityShaderCompiler.exe after 0.04 seconds
Refreshing native plugins compatible for Editor in 0.83 ms, found 3 plugins.
Preloading 0 native plugins for Editor in 0.00 ms.
Unloading 3389 Unused Serialized files (Serialized files now loaded: 0)
Unloading 27 unused Assets / (111.9 KB). Loaded Objects now: 3853.
Memory consumption went from 123.1 MB to 123.0 MB.
Total: 3.787500 ms (FindLiveObjects: 0.494200 ms CreateObjectMapping: 0.198100 ms MarkObjects: 2.914700 ms  DeleteObjects: 0.179300 ms)

AssetImportParameters requested are different than current active one (requested -> active):
  custom:video-decoder-ogg-theora: a1e56fd34408186e4bbccfd4996cb3dc -> 
  custom:container-muxer-webm: aa71ff27fc2769a1b78a27578f13a17b -> 
  custom:container-demuxer-webm: 4f35f7cbe854078d1ac9338744f61a02 -> 
  custom:video-encoder-webm-vp8: eb34c28f22e8b96e1ab97ce403110664 -> 
  custom:audio-encoder-webm-vorbis: bf7c407c2cedff20999df2af8eb42d56 -> 
  custom:framework-win-MediaFoundation: 216162199b28c13a410421893ffa2e32 -> 
  custom:container-demuxer-ogg: 62fdf1f143b41e24485cea50d1cbac27 -> 
  custom:video-decoder-webm-vp8: 9c59270c3fd7afecdb556c50c9e8de78 -> 
  custom:audio-decoder-ogg-vorbis: bf7c407c2cedff20999df2af8eb42d56 -> 
========================================================================
Received Import Request.
  Time since last request: 16365.472082 seconds.
  path: Assets/Assets Downloads/Free Low Poly Desert Pack/FBX Files/Flat Colors/Flat_Cactus_02.fbx
  artifactKey: Guid(5d68287dfd7269a46bdafd483e2a0426) Importer(815301076,1909f56bfc062723c751e8b465ee728b)
Start importing Assets/Assets Downloads/Free Low Poly Desert Pack/FBX Files/Flat Colors/Flat_Cactus_02.fbx using Guid(5d68287dfd7269a46bdafd483e2a0426) Importer(815301076,1909f56bfc062723c751e8b465ee728b)  -> (artifact id: 'b5779ccfa91dbc453b1791633039cb11') in 0.356267 seconds 
========================================================================
Received Prepare
Registering precompiled user dll's ...
Registered in 0.006717 seconds.
Begin MonoManager ReloadAssembly
Symbol file LoadedFromMemory doesn't match image C:\Users\marin\Documents\GitHub\Digital-Audio\MarinaAlbala_SceneAudio\Library\PackageCache\com.unity.visualscripting@1.7.8\Editor\VisualScripting.Core\Dependencies\YamlDotNet\Unity.VisualScripting.YamlDotNet.dll
Symbol file LoadedFromMemory doesn't match image C:\Users\marin\Documents\GitHub\Digital-Audio\MarinaAlbala_SceneAudio\Library\PackageCache\com.unity.visualscripting@1.7.8\Editor\VisualScripting.Core\Dependencies\DotNetZip\Unity.VisualScripting.IonicZip.dll
Native extension for WindowsStandalone target not found
Refreshing native plugins compatible for Editor in 1.20 ms, found 3 plugins.
Preloading 0 native plugins for Editor in 0.00 ms.
Mono: successfully reloaded assembly
- Completed reload, in  1.047 seconds
Domain Reload Profiling:
	ReloadAssembly (1048ms)
		BeginReloadAssembly (133ms)
			ExecutionOrderSort (0ms)
			DisableScriptedObjects (5ms)
			BackupInstance (0ms)
			ReleaseScriptingObjects (0ms)
			CreateAndSetChildDomain (36ms)
		EndReloadAssembly (812ms)
			LoadAssemblies (81ms)
			RebuildTransferFunctionScriptingTraits (0ms)
			SetupTypeCache (271ms)
			ReleaseScriptCaches (1ms)
			RebuildScriptCaches (50ms)
			SetupLoadedEditorAssemblies (352ms)
				LogAssemblyErrors (0ms)
				InitializePlatformSupportModulesInManaged (14ms)
				SetLoadedEditorAssemblies (0ms)
				RefreshPlugins (1ms)
				BeforeProcessingInitializeOnLoad (76ms)
				ProcessInitializeOnLoadAttributes (222ms)
				ProcessInitializeOnLoadMethodAttributes (29ms)
				AfterProcessingInitializeOnLoad (9ms)
				EditorAssembliesLoaded (0ms)
			ExecutionOrderSort2 (0ms)
			AwakeInstancesAfterBackupRestoration (6ms)
Platform modules already initialized, skipping
Refreshing native plugins compatible for Editor in 3.18 ms, found 3 plugins.
Preloading 0 native plugins for Editor in 0.00 ms.
Unloading 3377 Unused Serialized files (Serialized files now loaded: 0)
Unloading 20 unused Assets / (80.1 KB). Loaded Objects now: 3865.
Memory consumption went from 127.0 MB to 126.9 MB.
Total: 3.963500 ms (FindLiveObjects: 0.658500 ms CreateObjectMapping: 0.185600 ms MarkObjects: 2.977800 ms  DeleteObjects: 0.139500 ms)

AssetImportParameters requested are different than current active one (requested -> active):
  custom:video-decoder-ogg-theora: a1e56fd34408186e4bbccfd4996cb3dc -> 
  custom:container-muxer-webm: aa71ff27fc2769a1b78a27578f13a17b -> 
  custom:container-demuxer-webm: 4f35f7cbe854078d1ac9338744f61a02 -> 
  custom:video-encoder-webm-vp8: eb34c28f22e8b96e1ab97ce403110664 -> 
  custom:audio-encoder-webm-vorbis: bf7c407c2cedff20999df2af8eb42d56 -> 
  custom:framework-win-MediaFoundation: 216162199b28c13a410421893ffa2e32 -> 
  custom:container-demuxer-ogg: 62fdf1f143b41e24485cea50d1cbac27 -> 
  custom:video-decoder-webm-vp8: 9c59270c3fd7afecdb556c50c9e8de78 -> 
  custom:audio-decoder-ogg-vorbis: bf7c407c2cedff20999df2af8eb42d56 -> 
========================================================================
Received Import Request.
  Time since last request: 229.656791 seconds.
  path: Assets/Desert_Village_LowPoly_HDRP/Prefabs/Desert_Village_Bucket.prefab
  artifactKey: Guid(5e22c709abb2c1d45ad476ea4b03de35) Importer(815301076,1909f56bfc062723c751e8b465ee728b)
Start importing Assets/Desert_Village_LowPoly_HDRP/Prefabs/Desert_Village_Bucket.prefab using Guid(5e22c709abb2c1d45ad476ea4b03de35) Importer(815301076,1909f56bfc062723c751e8b465ee728b)  -> (artifact id: '05686aeb5329ba48bb5fa6a0aa3d3f7f') in 0.060800 seconds 
========================================================================
Received Import Request.
  Time since last request: 0.000021 seconds.
  path: Assets/Desert_Village_LowPoly_HDRP/Prefabs/Desert_Village_Street_Lamp.prefab
  artifactKey: Guid(e838bc811ff46e34f947bf686a965c7f) Importer(815301076,1909f56bfc062723c751e8b465ee728b)
Start importing Assets/Desert_Village_LowPoly_HDRP/Prefabs/Desert_Village_Street_Lamp.prefab using Guid(e838bc811ff46e34f947bf686a965c7f) Importer(815301076,1909f56bfc062723c751e8b465ee728b)  -> (artifact id: 'a82dd7b83c6d4e416f85ae871d19e47c') in 0.011430 seconds 
========================================================================
Received Import Request.
  Time since last request: 0.000049 seconds.
  path: Assets/Desert_Village_LowPoly_HDRP/Prefabs/Desert_Village_Palm_2.prefab
  artifactKey: Guid(f94f1afb3f828eb438a87f71c51b2516) Importer(815301076,1909f56bfc062723c751e8b465ee728b)
Start importing Assets/Desert_Village_LowPoly_HDRP/Prefabs/Desert_Village_Palm_2.prefab using Guid(f94f1afb3f828eb438a87f71c51b2516) Importer(815301076,1909f56bfc062723c751e8b465ee728b)  -> (artifact id: 'd08a94ea997453c29dbe9c5f0b21f5b8') in 0.009743 seconds 
========================================================================
Received Import Request.
  Time since last request: 0.000024 seconds.
  path: Assets/Desert_Village_LowPoly_HDRP/Prefabs/Desert_Village_Tent_1.prefab
  artifactKey: Guid(967076be8d94f0647982242fac0166e0) Importer(815301076,1909f56bfc062723c751e8b465ee728b)
Start importing Assets/Desert_Village_LowPoly_HDRP/Prefabs/Desert_Village_Tent_1.prefab using Guid(967076be8d94f0647982242fac0166e0) Importer(815301076,1909f56bfc062723c751e8b465ee728b)  -> (artifact id: '973167099ddb56e4409402efa2240ccc') in 0.009458 seconds 
========================================================================
Received Import Request.
  Time since last request: 0.000025 seconds.
  path: Assets/Desert_Village_LowPoly_HDRP/Prefabs/Desert_Village_House_1.prefab
  artifactKey: Guid(b7d5a31e2b3908746b39720151582136) Importer(815301076,1909f56bfc062723c751e8b465ee728b)
Start importing Assets/Desert_Village_LowPoly_HDRP/Prefabs/Desert_Village_House_1.prefab using Guid(b7d5a31e2b3908746b39720151582136) Importer(815301076,1909f56bfc062723c751e8b465ee728b)  -> (artifact id: '47b4e5d3b7837bc4373b59e419d7669a') in 0.012149 seconds 
========================================================================
Received Import Request.
  Time since last request: 0.000020 seconds.
  path: Assets/Desert_Village_LowPoly_HDRP/Prefabs/Desert_Village_Desert.prefab
  artifactKey: Guid(01fe0c353c6dfb947b34071429662c08) Importer(815301076,1909f56bfc062723c751e8b465ee728b)
Start importing Assets/Desert_Village_LowPoly_HDRP/Prefabs/Desert_Village_Desert.prefab using Guid(01fe0c353c6dfb947b34071429662c08) Importer(815301076,1909f56bfc062723c751e8b465ee728b)  -> (artifact id: '40354be433a32b71af2d438ee35bda65') in 0.010254 seconds 
========================================================================
Received Import Request.
  Time since last request: 0.000032 seconds.
  path: Assets/Desert_Village_LowPoly_HDRP/Prefabs/Desert_Village_House_Lamp.prefab
  artifactKey: Guid(0f2e7b5cff628ea42ac22c632b2d19e5) Importer(815301076,1909f56bfc062723c751e8b465ee728b)
Start importing Assets/Desert_Village_LowPoly_HDRP/Prefabs/Desert_Village_House_Lamp.prefab using Guid(0f2e7b5cff628ea42ac22c632b2d19e5) Importer(815301076,1909f56bfc062723c751e8b465ee728b)  -> (artifact id: 'ccbe99f5bcf15dcb0577eaf3e26335ba') in 0.009732 seconds 
========================================================================
Received Import Request.
  Time since last request: 0.000023 seconds.
  path: Assets/Desert_Village_LowPoly_HDRP/Prefabs/Desert_Village_Threshold_Rock.prefab
  artifactKey: Guid(07b9db8a4c5b12449b9ee8e9fbccd558) Importer(815301076,1909f56bfc062723c751e8b465ee728b)
Start importing Assets/Desert_Village_LowPoly_HDRP/Prefabs/Desert_Village_Threshold_Rock.prefab using Guid(07b9db8a4c5b12449b9ee8e9fbccd558) Importer(815301076,1909f56bfc062723c751e8b465ee728b)  -> (artifact id: 'd503a7a60dbc10ae8b7647cffed49f5d') in 0.007816 seconds 
========================================================================
Received Import Request.
  Time since last request: 189.841477 seconds.
  path: Assets/Low Poly Buildings Lite/Prefabs/Suburb House Yellow.prefab
  artifactKey: Guid(f0cf8146888c5ba4ebd406d6a76baeb7) Importer(815301076,1909f56bfc062723c751e8b465ee728b)
Start importing Assets/Low Poly Buildings Lite/Prefabs/Suburb House Yellow.prefab using Guid(f0cf8146888c5ba4ebd406d6a76baeb7) Importer(815301076,1909f56bfc062723c751e8b465ee728b)  -> (artifact id: 'e2ee8d8b60bfdb8ed104982367eba84a') in 0.024376 seconds 
========================================================================
Received Prepare
Registering precompiled user dll's ...
Registered in 0.006462 seconds.
Begin MonoManager ReloadAssembly
Symbol file LoadedFromMemory doesn't match image C:\Users\marin\Documents\GitHub\Digital-Audio\MarinaAlbala_SceneAudio\Library\PackageCache\com.unity.visualscripting@1.7.8\Editor\VisualScripting.Core\Dependencies\YamlDotNet\Unity.VisualScripting.YamlDotNet.dll
Symbol file LoadedFromMemory doesn't match image C:\Users\marin\Documents\GitHub\Digital-Audio\MarinaAlbala_SceneAudio\Library\PackageCache\com.unity.visualscripting@1.7.8\Editor\VisualScripting.Core\Dependencies\DotNetZip\Unity.VisualScripting.IonicZip.dll
Native extension for WindowsStandalone target not found
Refreshing native plugins compatible for Editor in 0.81 ms, found 3 plugins.
Preloading 0 native plugins for Editor in 0.00 ms.
Mono: successfully reloaded assembly
- Completed reload, in  1.020 seconds
Domain Reload Profiling:
	ReloadAssembly (1021ms)
		BeginReloadAssembly (130ms)
			ExecutionOrderSort (0ms)
			DisableScriptedObjects (4ms)
			BackupInstance (0ms)
			ReleaseScriptingObjects (0ms)
			CreateAndSetChildDomain (35ms)
		EndReloadAssembly (784ms)
			LoadAssemblies (83ms)
			RebuildTransferFunctionScriptingTraits (0ms)
			SetupTypeCache (275ms)
			ReleaseScriptCaches (1ms)
			RebuildScriptCaches (42ms)
			SetupLoadedEditorAssemblies (337ms)
				LogAssemblyErrors (0ms)
				InitializePlatformSupportModulesInManaged (15ms)
				SetLoadedEditorAssemblies (0ms)
				RefreshPlugins (1ms)
				BeforeProcessingInitializeOnLoad (77ms)
				ProcessInitializeOnLoadAttributes (204ms)
				ProcessInitializeOnLoadMethodAttributes (28ms)
				AfterProcessingInitializeOnLoad (11ms)
				EditorAssembliesLoaded (0ms)
			ExecutionOrderSort2 (0ms)
			AwakeInstancesAfterBackupRestoration (6ms)
Platform modules already initialized, skipping
Refreshing native plugins compatible for Editor in 3.60 ms, found 3 plugins.
Preloading 0 native plugins for Editor in 0.00 ms.
Unloading 3377 Unused Serialized files (Serialized files now loaded: 0)
Unloading 21 unused Assets / (80.1 KB). Loaded Objects now: 3868.
Memory consumption went from 127.1 MB to 127.0 MB.
Total: 5.064900 ms (FindLiveObjects: 0.457700 ms CreateObjectMapping: 0.151700 ms MarkObjects: 4.286200 ms  DeleteObjects: 0.167800 ms)

AssetImportParameters requested are different than current active one (requested -> active):
  custom:video-decoder-ogg-theora: a1e56fd34408186e4bbccfd4996cb3dc -> 
  custom:container-muxer-webm: aa71ff27fc2769a1b78a27578f13a17b -> 
  custom:container-demuxer-webm: 4f35f7cbe854078d1ac9338744f61a02 -> 
  custom:video-encoder-webm-vp8: eb34c28f22e8b96e1ab97ce403110664 -> 
  custom:audio-encoder-webm-vorbis: bf7c407c2cedff20999df2af8eb42d56 -> 
  custom:framework-win-MediaFoundation: 216162199b28c13a410421893ffa2e32 -> 
  custom:container-demuxer-ogg: 62fdf1f143b41e24485cea50d1cbac27 -> 
  custom:video-decoder-webm-vp8: 9c59270c3fd7afecdb556c50c9e8de78 -> 
  custom:audio-decoder-ogg-vorbis: bf7c407c2cedff20999df2af8eb42d56 -> 
========================================================================
Received Prepare
Registering precompiled user dll's ...
Registered in 0.005993 seconds.
Begin MonoManager ReloadAssembly
Symbol file LoadedFromMemory doesn't match image C:\Users\marin\Documents\GitHub\Digital-Audio\MarinaAlbala_SceneAudio\Library\PackageCache\com.unity.visualscripting@1.7.8\Editor\VisualScripting.Core\Dependencies\YamlDotNet\Unity.VisualScripting.YamlDotNet.dll
Symbol file LoadedFromMemory doesn't match image C:\Users\marin\Documents\GitHub\Digital-Audio\MarinaAlbala_SceneAudio\Library\PackageCache\com.unity.visualscripting@1.7.8\Editor\VisualScripting.Core\Dependencies\DotNetZip\Unity.VisualScripting.IonicZip.dll
Native extension for WindowsStandalone target not found
Refreshing native plugins compatible for Editor in 1.08 ms, found 3 plugins.
Preloading 0 native plugins for Editor in 0.00 ms.
Mono: successfully reloaded assembly
- Completed reload, in  0.961 seconds
Domain Reload Profiling:
	ReloadAssembly (961ms)
		BeginReloadAssembly (128ms)
			ExecutionOrderSort (0ms)
			DisableScriptedObjects (5ms)
			BackupInstance (0ms)
			ReleaseScriptingObjects (0ms)
			CreateAndSetChildDomain (31ms)
		EndReloadAssembly (736ms)
			LoadAssemblies (81ms)
			RebuildTransferFunctionScriptingTraits (0ms)
			SetupTypeCache (251ms)
			ReleaseScriptCaches (2ms)
			RebuildScriptCaches (40ms)
			SetupLoadedEditorAssemblies (322ms)
				LogAssemblyErrors (0ms)
				InitializePlatformSupportModulesInManaged (13ms)
				SetLoadedEditorAssemblies (0ms)
				RefreshPlugins (1ms)
				BeforeProcessingInitializeOnLoad (72ms)
				ProcessInitializeOnLoadAttributes (196ms)
				ProcessInitializeOnLoadMethodAttributes (28ms)
				AfterProcessingInitializeOnLoad (10ms)
				EditorAssembliesLoaded (0ms)
			ExecutionOrderSort2 (0ms)
			AwakeInstancesAfterBackupRestoration (7ms)
Platform modules already initialized, skipping
Refreshing native plugins compatible for Editor in 3.38 ms, found 3 plugins.
Preloading 0 native plugins for Editor in 0.00 ms.
Unloading 3377 Unused Serialized files (Serialized files now loaded: 0)
Unloading 20 unused Assets / (80.0 KB). Loaded Objects now: 3871.
Memory consumption went from 127.1 MB to 127.0 MB.
Total: 3.835300 ms (FindLiveObjects: 0.464100 ms CreateObjectMapping: 0.105600 ms MarkObjects: 3.103000 ms  DeleteObjects: 0.161000 ms)

AssetImportParameters requested are different than current active one (requested -> active):
  custom:video-decoder-ogg-theora: a1e56fd34408186e4bbccfd4996cb3dc -> 
  custom:container-muxer-webm: aa71ff27fc2769a1b78a27578f13a17b -> 
  custom:container-demuxer-webm: 4f35f7cbe854078d1ac9338744f61a02 -> 
  custom:video-encoder-webm-vp8: eb34c28f22e8b96e1ab97ce403110664 -> 
  custom:audio-encoder-webm-vorbis: bf7c407c2cedff20999df2af8eb42d56 -> 
  custom:framework-win-MediaFoundation: 216162199b28c13a410421893ffa2e32 -> 
  custom:container-demuxer-ogg: 62fdf1f143b41e24485cea50d1cbac27 -> 
  custom:video-decoder-webm-vp8: 9c59270c3fd7afecdb556c50c9e8de78 -> 
  custom:audio-decoder-ogg-vorbis: bf7c407c2cedff20999df2af8eb42d56 -> 
========================================================================
Received Prepare
Registering precompiled user dll's ...
Registered in 0.006600 seconds.
Begin MonoManager ReloadAssembly
Symbol file LoadedFromMemory doesn't match image C:\Users\marin\Documents\GitHub\Digital-Audio\MarinaAlbala_SceneAudio\Library\PackageCache\com.unity.visualscripting@1.7.8\Editor\VisualScripting.Core\Dependencies\YamlDotNet\Unity.VisualScripting.YamlDotNet.dll
Symbol file LoadedFromMemory doesn't match image C:\Users\marin\Documents\GitHub\Digital-Audio\MarinaAlbala_SceneAudio\Library\PackageCache\com.unity.visualscripting@1.7.8\Editor\VisualScripting.Core\Dependencies\DotNetZip\Unity.VisualScripting.IonicZip.dll
Native extension for WindowsStandalone target not found
Refreshing native plugins compatible for Editor in 0.98 ms, found 3 plugins.
Preloading 0 native plugins for Editor in 0.00 ms.
Mono: successfully reloaded assembly
- Completed reload, in  0.975 seconds
Domain Reload Profiling:
	ReloadAssembly (976ms)
		BeginReloadAssembly (129ms)
			ExecutionOrderSort (0ms)
			DisableScriptedObjects (5ms)
			BackupInstance (0ms)
			ReleaseScriptingObjects (0ms)
			CreateAndSetChildDomain (32ms)
		EndReloadAssembly (747ms)
			LoadAssemblies (82ms)
			RebuildTransferFunctionScriptingTraits (0ms)
			SetupTypeCache (257ms)
			ReleaseScriptCaches (1ms)
			RebuildScriptCaches (44ms)
			SetupLoadedEditorAssemblies (329ms)
				LogAssemblyErrors (0ms)
				InitializePlatformSupportModulesInManaged (13ms)
				SetLoadedEditorAssemblies (0ms)
				RefreshPlugins (1ms)
				BeforeProcessingInitializeOnLoad (75ms)
				ProcessInitializeOnLoadAttributes (200ms)
				ProcessInitializeOnLoadMethodAttributes (29ms)
				AfterProcessingInitializeOnLoad (10ms)
				EditorAssembliesLoaded (0ms)
			ExecutionOrderSort2 (0ms)
			AwakeInstancesAfterBackupRestoration (6ms)
Platform modules already initialized, skipping
Refreshing native plugins compatible for Editor in 3.86 ms, found 3 plugins.
Preloading 0 native plugins for Editor in 0.00 ms.
Unloading 3377 Unused Serialized files (Serialized files now loaded: 0)
Unloading 20 unused Assets / (80.2 KB). Loaded Objects now: 3874.
Memory consumption went from 127.1 MB to 127.0 MB.
Total: 4.011500 ms (FindLiveObjects: 0.518300 ms CreateObjectMapping: 0.098600 ms MarkObjects: 3.251900 ms  DeleteObjects: 0.140700 ms)

AssetImportParameters requested are different than current active one (requested -> active):
  custom:video-decoder-ogg-theora: a1e56fd34408186e4bbccfd4996cb3dc -> 
  custom:container-muxer-webm: aa71ff27fc2769a1b78a27578f13a17b -> 
  custom:container-demuxer-webm: 4f35f7cbe854078d1ac9338744f61a02 -> 
  custom:video-encoder-webm-vp8: eb34c28f22e8b96e1ab97ce403110664 -> 
  custom:audio-encoder-webm-vorbis: bf7c407c2cedff20999df2af8eb42d56 -> 
  custom:framework-win-MediaFoundation: 216162199b28c13a410421893ffa2e32 -> 
  custom:container-demuxer-ogg: 62fdf1f143b41e24485cea50d1cbac27 -> 
  custom:video-decoder-webm-vp8: 9c59270c3fd7afecdb556c50c9e8de78 -> 
  custom:audio-decoder-ogg-vorbis: bf7c407c2cedff20999df2af8eb42d56 -> 
========================================================================
Received Import Request.
  Time since last request: 496.002665 seconds.
  path: Assets/Footstep(Snow and Grass)/Stepssingle sound/grass/Grass1 2-Audio.wav
  artifactKey: Guid(59cd085e234f32e4daddd2e589174a96) Importer(815301076,1909f56bfc062723c751e8b465ee728b)
Start importing Assets/Footstep(Snow and Grass)/Stepssingle sound/grass/Grass1 2-Audio.wav using Guid(59cd085e234f32e4daddd2e589174a96) Importer(815301076,1909f56bfc062723c751e8b465ee728b)  -> (artifact id: '545259e0026985746f341307f87dab2a') in 0.074823 seconds 
========================================================================
Received Import Request.
  Time since last request: 0.000023 seconds.
  path: Assets/Footstep(Snow and Grass)/Stepssingle sound/grass/Grass1 14-Audio.wav
  artifactKey: Guid(dc51086bc85dc5448b059b6487ce0e0b) Importer(815301076,1909f56bfc062723c751e8b465ee728b)
Start importing Assets/Footstep(Snow and Grass)/Stepssingle sound/grass/Grass1 14-Audio.wav using Guid(dc51086bc85dc5448b059b6487ce0e0b) Importer(815301076,1909f56bfc062723c751e8b465ee728b)  -> (artifact id: '83b852b599169af6c757bb976039a1cd') in 0.008438 seconds 
========================================================================
Received Import Request.
  Time since last request: 0.000033 seconds.
  path: Assets/Footstep(Snow and Grass)/Stepssingle sound/grass/Grass1 16-Audio.wav
  artifactKey: Guid(50d72a013f13ce0488147b799a838890) Importer(815301076,1909f56bfc062723c751e8b465ee728b)
Start importing Assets/Footstep(Snow and Grass)/Stepssingle sound/grass/Grass1 16-Audio.wav using Guid(50d72a013f13ce0488147b799a838890) Importer(815301076,1909f56bfc062723c751e8b465ee728b)  -> (artifact id: 'eae42d366428da8f3d2c2b733dc451f5') in 0.008602 seconds 
========================================================================
Received Import Request.
  Time since last request: 0.000028 seconds.
  path: Assets/Footstep(Snow and Grass)/Stepssingle sound/grass/Grass1 7-Audio.wav
  artifactKey: Guid(79a7606463e6a0748b531715f315489d) Importer(815301076,1909f56bfc062723c751e8b465ee728b)
Start importing Assets/Footstep(Snow and Grass)/Stepssingle sound/grass/Grass1 7-Audio.wav using Guid(79a7606463e6a0748b531715f315489d) Importer(815301076,1909f56bfc062723c751e8b465ee728b)  -> (artifact id: 'fc3b09a893caeec70abe5a9395c6a11a') in 0.008104 seconds 
========================================================================
Received Import Request.
  Time since last request: 0.000028 seconds.
  path: Assets/Footstep(Snow and Grass)/Stepssingle sound/grass/Grass1 5-Audio.wav
  artifactKey: Guid(4dcd8f2dc477f5e4aa277ee503048ee8) Importer(815301076,1909f56bfc062723c751e8b465ee728b)
Start importing Assets/Footstep(Snow and Grass)/Stepssingle sound/grass/Grass1 5-Audio.wav using Guid(4dcd8f2dc477f5e4aa277ee503048ee8) Importer(815301076,1909f56bfc062723c751e8b465ee728b)  -> (artifact id: '7355214c8063a52bc251896506a4eb65') in 0.007012 seconds 
========================================================================
Received Import Request.
  Time since last request: 0.000023 seconds.
  path: Assets/Footstep(Snow and Grass)/Stepssingle sound/grass/Grass1 23-Audio.wav
  artifactKey: Guid(80239785e252f734a942b4bd5c1b91e1) Importer(815301076,1909f56bfc062723c751e8b465ee728b)
Start importing Assets/Footstep(Snow and Grass)/Stepssingle sound/grass/Grass1 23-Audio.wav using Guid(80239785e252f734a942b4bd5c1b91e1) Importer(815301076,1909f56bfc062723c751e8b465ee728b)  -> (artifact id: '0645dbef2826439586b4d61a1f829e15') in 0.007490 seconds 
========================================================================
Received Import Request.
  Time since last request: 0.000024 seconds.
  path: Assets/Footstep(Snow and Grass)/Stepssingle sound/grass/Grass1 12-Audio.wav
  artifactKey: Guid(bd2e21727b290c94586e70231e309cbd) Importer(815301076,1909f56bfc062723c751e8b465ee728b)
Start importing Assets/Footstep(Snow and Grass)/Stepssingle sound/grass/Grass1 12-Audio.wav using Guid(bd2e21727b290c94586e70231e309cbd) Importer(815301076,1909f56bfc062723c751e8b465ee728b)  -> (artifact id: '1b3125becd477e40be4d8f95f0e9f899') in 0.008582 seconds 
========================================================================
Received Import Request.
  Time since last request: 0.000036 seconds.
  path: Assets/Footstep(Snow and Grass)/Stepssingle sound/grass/Grass1 27-Audio.wav
  artifactKey: Guid(dc739d782ed6fe5439fb6de4a13f53bd) Importer(815301076,1909f56bfc062723c751e8b465ee728b)
Start importing Assets/Footstep(Snow and Grass)/Stepssingle sound/grass/Grass1 27-Audio.wav using Guid(dc739d782ed6fe5439fb6de4a13f53bd) Importer(815301076,1909f56bfc062723c751e8b465ee728b)  -> (artifact id: 'c0775ad4596efddeddb83b1778944545') in 0.007909 seconds 
========================================================================
Received Import Request.
  Time since last request: 0.000017 seconds.
  path: Assets/Footstep(Snow and Grass)/Stepssingle sound/grass/Grass1 28-Audio.wav
  artifactKey: Guid(6cb3eace11794c84db4995aa0a617ad1) Importer(815301076,1909f56bfc062723c751e8b465ee728b)
Start importing Assets/Footstep(Snow and Grass)/Stepssingle sound/grass/Grass1 28-Audio.wav using Guid(6cb3eace11794c84db4995aa0a617ad1) Importer(815301076,1909f56bfc062723c751e8b465ee728b)  -> (artifact id: 'be1a38b602a4270659e40a7ece35597f') in 0.008199 seconds 
========================================================================
Received Import Request.
  Time since last request: 0.000021 seconds.
  path: Assets/Footstep(Snow and Grass)/Stepssingle sound/grass/Grass1 26-Audio.wav
  artifactKey: Guid(b224ea4077fd9804c825863a283d50a6) Importer(815301076,1909f56bfc062723c751e8b465ee728b)
Start importing Assets/Footstep(Snow and Grass)/Stepssingle sound/grass/Grass1 26-Audio.wav using Guid(b224ea4077fd9804c825863a283d50a6) Importer(815301076,1909f56bfc062723c751e8b465ee728b)  -> (artifact id: '85655de663e501f8b9e92fdfbdb06e0c') in 0.007917 seconds 
========================================================================
Received Import Request.
  Time since last request: 0.000020 seconds.
  path: Assets/Footstep(Snow and Grass)/Stepssingle sound/grass/Grass1 19-Audio.wav
  artifactKey: Guid(5d8455fb534849442ad490965ff71279) Importer(815301076,1909f56bfc062723c751e8b465ee728b)
Start importing Assets/Footstep(Snow and Grass)/Stepssingle sound/grass/Grass1 19-Audio.wav using Guid(5d8455fb534849442ad490965ff71279) Importer(815301076,1909f56bfc062723c751e8b465ee728b)  -> (artifact id: '2d4bb56542cd59b7ab5430c8bebb8540') in 0.006675 seconds 
========================================================================
Received Import Request.
  Time since last request: 0.000019 seconds.
  path: Assets/Footstep(Snow and Grass)/Stepssingle sound/grass/Grass1 21-Audio.wav
  artifactKey: Guid(c88f941f0652e8048be78e94b6879648) Importer(815301076,1909f56bfc062723c751e8b465ee728b)
Start importing Assets/Footstep(Snow and Grass)/Stepssingle sound/grass/Grass1 21-Audio.wav using Guid(c88f941f0652e8048be78e94b6879648) Importer(815301076,1909f56bfc062723c751e8b465ee728b)  -> (artifact id: '678f232495277997ef5cd6c926c49108') in 0.008019 seconds 
========================================================================
Received Import Request.
  Time since last request: 0.000022 seconds.
  path: Assets/Footstep(Snow and Grass)/Stepssingle sound/grass/Grass1 29-Audio.wav
  artifactKey: Guid(4437bc80104f4f84a9149c54a918b984) Importer(815301076,1909f56bfc062723c751e8b465ee728b)
Start importing Assets/Footstep(Snow and Grass)/Stepssingle sound/grass/Grass1 29-Audio.wav using Guid(4437bc80104f4f84a9149c54a918b984) Importer(815301076,1909f56bfc062723c751e8b465ee728b)  -> (artifact id: 'aa3b67ba99b7159f5cf2a3f5b558cdad') in 0.008245 seconds 
========================================================================
Received Import Request.
  Time since last request: 0.000016 seconds.
  path: Assets/Footstep(Snow and Grass)/Stepssingle sound/grass/Grass1 18-Audio.wav
  artifactKey: Guid(5a7bf85c9d703074db7e82ff2ce16e6a) Importer(815301076,1909f56bfc062723c751e8b465ee728b)
Start importing Assets/Footstep(Snow and Grass)/Stepssingle sound/grass/Grass1 18-Audio.wav using Guid(5a7bf85c9d703074db7e82ff2ce16e6a) Importer(815301076,1909f56bfc062723c751e8b465ee728b)  -> (artifact id: 'e1b84c8b97d7706d53baed16d2cd18fa') in 0.007941 seconds 
========================================================================
Received Import Request.
  Time since last request: 0.000022 seconds.
  path: Assets/Footstep(Snow and Grass)/Stepssingle sound/grass/Grass1 20-Audio.wav
  artifactKey: Guid(f4eb0a209807fbb40bd0759085f6f882) Importer(815301076,1909f56bfc062723c751e8b465ee728b)
Start importing Assets/Footstep(Snow and Grass)/Stepssingle sound/grass/Grass1 20-Audio.wav using Guid(f4eb0a209807fbb40bd0759085f6f882) Importer(815301076,1909f56bfc062723c751e8b465ee728b)  -> (artifact id: 'a3d847ca9d46b919af67e5a071487376') in 0.008413 seconds 
========================================================================
Received Import Request.
  Time since last request: 17.595449 seconds.
  path: Assets/Footstep(Snow and Grass)/StepsLoop/grass/running/Running-2.wav
  artifactKey: Guid(8cfd47c86b81d24488795468995eae2f) Importer(815301076,1909f56bfc062723c751e8b465ee728b)
Start importing Assets/Footstep(Snow and Grass)/StepsLoop/grass/running/Running-2.wav using Guid(8cfd47c86b81d24488795468995eae2f) Importer(815301076,1909f56bfc062723c751e8b465ee728b)  -> (artifact id: '707a58f5257622a8ea245998aad55935') in 0.007423 seconds 
========================================================================
Received Import Request.
  Time since last request: 0.011833 seconds.
  path: Assets/Footstep(Snow and Grass)/StepsLoop/grass/running/Running-5.wav
  artifactKey: Guid(f0fba75baf76a514da1e094bc11a31be) Importer(815301076,1909f56bfc062723c751e8b465ee728b)
Start importing Assets/Footstep(Snow and Grass)/StepsLoop/grass/running/Running-5.wav using Guid(f0fba75baf76a514da1e094bc11a31be) Importer(815301076,1909f56bfc062723c751e8b465ee728b)  -> (artifact id: 'b6d97c038aefff00838b3d928324fa6d') in 0.007746 seconds 
========================================================================
Received Import Request.
  Time since last request: 0.000023 seconds.
  path: Assets/Footstep(Snow and Grass)/StepsLoop/grass/slowsteps/Slowsteps-2.wav
  artifactKey: Guid(f4503cdaac346c849ba0cdfb2f039f77) Importer(815301076,1909f56bfc062723c751e8b465ee728b)
Start importing Assets/Footstep(Snow and Grass)/StepsLoop/grass/slowsteps/Slowsteps-2.wav using Guid(f4503cdaac346c849ba0cdfb2f039f77) Importer(815301076,1909f56bfc062723c751e8b465ee728b)  -> (artifact id: '4f858cca255be37dcabcd47e997b1e9a') in 0.007510 seconds 
========================================================================
Received Import Request.
  Time since last request: 0.000022 seconds.
  path: Assets/Footstep(Snow and Grass)/StepsLoop/grass/slowsteps/Slowsteps-4.wav
  artifactKey: Guid(b04cf8501cb49e340a80bb6e111a7d08) Importer(815301076,1909f56bfc062723c751e8b465ee728b)
Start importing Assets/Footstep(Snow and Grass)/StepsLoop/grass/slowsteps/Slowsteps-4.wav using Guid(b04cf8501cb49e340a80bb6e111a7d08) Importer(815301076,1909f56bfc062723c751e8b465ee728b)  -> (artifact id: '18899a060c65cdcc2539dc99d5ce2d1c') in 0.006993 seconds 
========================================================================
Received Import Request.
  Time since last request: 0.012674 seconds.
  path: Assets/Footstep(Snow and Grass)/Stepssingle sound/snow/Snow1 1-Audio.wav
  artifactKey: Guid(06c956466747e764aa6d69fbee1b0935) Importer(815301076,1909f56bfc062723c751e8b465ee728b)
Start importing Assets/Footstep(Snow and Grass)/Stepssingle sound/snow/Snow1 1-Audio.wav using Guid(06c956466747e764aa6d69fbee1b0935) Importer(815301076,1909f56bfc062723c751e8b465ee728b)  -> (artifact id: '67f33352ae7c6834854b972d27518dd5') in 0.007923 seconds 
========================================================================
Received Import Request.
  Time since last request: 0.180039 seconds.
  path: Assets/Footstep(Snow and Grass)/Stepssingle sound/snow/Snow1 4-Audio.wav
  artifactKey: Guid(69ce65de178f68c409ed53debc0c8148) Importer(815301076,1909f56bfc062723c751e8b465ee728b)
Start importing Assets/Footstep(Snow and Grass)/Stepssingle sound/snow/Snow1 4-Audio.wav using Guid(69ce65de178f68c409ed53debc0c8148) Importer(815301076,1909f56bfc062723c751e8b465ee728b)  -> (artifact id: '3f37729d5b4466f40091e4fbaafe4170') in 0.008015 seconds 
========================================================================
Received Import Request.
  Time since last request: 0.000016 seconds.
  path: Assets/Footstep(Snow and Grass)/Stepssingle sound/snow/Snow1 7-Audio.wav
  artifactKey: Guid(4477d53a3a60ea643b87fe82504aee67) Importer(815301076,1909f56bfc062723c751e8b465ee728b)
Start importing Assets/Footstep(Snow and Grass)/Stepssingle sound/snow/Snow1 7-Audio.wav using Guid(4477d53a3a60ea643b87fe82504aee67) Importer(815301076,1909f56bfc062723c751e8b465ee728b)  -> (artifact id: '289cc90a52b4ef178b470af374362213') in 0.008644 seconds 
========================================================================
Received Import Request.
  Time since last request: 0.000022 seconds.
  path: Assets/Footstep(Snow and Grass)/Stepssingle sound/snow/Snow1 10-Audio.wav
  artifactKey: Guid(071e5d5bdeb478746927080a2b18c5cd) Importer(815301076,1909f56bfc062723c751e8b465ee728b)
Start importing Assets/Footstep(Snow and Grass)/Stepssingle sound/snow/Snow1 10-Audio.wav using Guid(071e5d5bdeb478746927080a2b18c5cd) Importer(815301076,1909f56bfc062723c751e8b465ee728b)  -> (artifact id: '1c09ac9d902653baa73d669d8c16334e') in 0.007558 seconds 
========================================================================
Received Import Request.
  Time since last request: 0.000017 seconds.
  path: Assets/Footstep(Snow and Grass)/Stepssingle sound/snow/Snow1 16-Audio.wav
  artifactKey: Guid(b6ffe1fb51eac3e419f6a7f43694cb6b) Importer(815301076,1909f56bfc062723c751e8b465ee728b)
Start importing Assets/Footstep(Snow and Grass)/Stepssingle sound/snow/Snow1 16-Audio.wav using Guid(b6ffe1fb51eac3e419f6a7f43694cb6b) Importer(815301076,1909f56bfc062723c751e8b465ee728b)  -> (artifact id: '6ec36cdfe2a5eec9c15571a92c276a2f') in 0.008571 seconds 
========================================================================
Received Import Request.
  Time since last request: 0.000020 seconds.
  path: Assets/Footstep(Snow and Grass)/Stepssingle sound/snow/Snow1 13-Audio.wav
  artifactKey: Guid(214703d4bec78a34f980ea6353c598f0) Importer(815301076,1909f56bfc062723c751e8b465ee728b)
Start importing Assets/Footstep(Snow and Grass)/Stepssingle sound/snow/Snow1 13-Audio.wav using Guid(214703d4bec78a34f980ea6353c598f0) Importer(815301076,1909f56bfc062723c751e8b465ee728b)  -> (artifact id: 'b7e98c048fdef88ab2c116b4e784098b') in 0.008833 seconds 
========================================================================
Received Import Request.
  Time since last request: 0.009996 seconds.
  path: Assets/Footstep(Snow and Grass)/Stepssingle sound/snow/Snow1 19-Audio.wav
  artifactKey: Guid(5c59b22cb633543429b5029c416d4a3d) Importer(815301076,1909f56bfc062723c751e8b465ee728b)
Start importing Assets/Footstep(Snow and Grass)/Stepssingle sound/snow/Snow1 19-Audio.wav using Guid(5c59b22cb633543429b5029c416d4a3d) Importer(815301076,1909f56bfc062723c751e8b465ee728b)  -> (artifact id: 'ba9e838941feebffb1da557760e4af64') in 0.008444 seconds 
========================================================================
Received Import Request.
  Time since last request: 0.618234 seconds.
  path: Assets/Footstep(Snow and Grass)/Stepssingle sound/snow/Snow1 22-Audio.wav
  artifactKey: Guid(d0da27383b628e04799479cdd77eda95) Importer(815301076,1909f56bfc062723c751e8b465ee728b)
Start importing Assets/Footstep(Snow and Grass)/Stepssingle sound/snow/Snow1 22-Audio.wav using Guid(d0da27383b628e04799479cdd77eda95) Importer(815301076,1909f56bfc062723c751e8b465ee728b)  -> (artifact id: '0974632c8e8085d3856169e445921fc0') in 0.007728 seconds 
========================================================================
Received Import Request.
  Time since last request: 0.010737 seconds.
  path: Assets/Footstep(Snow and Grass)/Stepssingle sound/snow/Snow1 25-Audio.wav
  artifactKey: Guid(d982ed62eb524e042814e3f5e6c45365) Importer(815301076,1909f56bfc062723c751e8b465ee728b)
Start importing Assets/Footstep(Snow and Grass)/Stepssingle sound/snow/Snow1 25-Audio.wav using Guid(d982ed62eb524e042814e3f5e6c45365) Importer(815301076,1909f56bfc062723c751e8b465ee728b)  -> (artifact id: '9b78fa084b303c4e5815cd693b01e678') in 0.008431 seconds 
========================================================================
Received Import Request.
  Time since last request: 0.000022 seconds.
  path: Assets/Footstep(Snow and Grass)/Stepssingle sound/snow/Snow1 29-Audio.wav
  artifactKey: Guid(176389e2310462040be2f30f80316207) Importer(815301076,1909f56bfc062723c751e8b465ee728b)
Start importing Assets/Footstep(Snow and Grass)/Stepssingle sound/snow/Snow1 29-Audio.wav using Guid(176389e2310462040be2f30f80316207) Importer(815301076,1909f56bfc062723c751e8b465ee728b)  -> (artifact id: '1d41f9671801c36df0b14c8a49dd9e43') in 0.008594 seconds 
========================================================================
Received Import Request.
  Time since last request: 0.024438 seconds.
  path: Assets/Footstep(Snow and Grass)/StepsLoop/snow/running/Snowrunning1.wav
  artifactKey: Guid(e8cd1efaef9dd3946811ff05dc4cd5f3) Importer(815301076,1909f56bfc062723c751e8b465ee728b)
Start importing Assets/Footstep(Snow and Grass)/StepsLoop/snow/running/Snowrunning1.wav using Guid(e8cd1efaef9dd3946811ff05dc4cd5f3) Importer(815301076,1909f56bfc062723c751e8b465ee728b)  -> (artifact id: '2e164e59a434fc344d7e97194bcfb10c') in 0.007716 seconds 
========================================================================
Received Import Request.
  Time since last request: 0.000018 seconds.
  path: Assets/Footstep(Snow and Grass)/StepsLoop/snow/running/Snowrunning5.wav
  artifactKey: Guid(aea481998c1959e4daf37c5464c3cbde) Importer(815301076,1909f56bfc062723c751e8b465ee728b)
Start importing Assets/Footstep(Snow and Grass)/StepsLoop/snow/running/Snowrunning5.wav using Guid(aea481998c1959e4daf37c5464c3cbde) Importer(815301076,1909f56bfc062723c751e8b465ee728b)  -> (artifact id: 'cb3fa32ab7520203fbf61d9d81a2be84') in 0.008305 seconds 
========================================================================
Received Import Request.
  Time since last request: 0.024654 seconds.
  path: Assets/Footstep(Snow and Grass)/StepsLoop/snow/slow steps/Snowslowsteps2.wav
  artifactKey: Guid(5c5687ce41346ae44aab96f6d0c03856) Importer(815301076,1909f56bfc062723c751e8b465ee728b)
Start importing Assets/Footstep(Snow and Grass)/StepsLoop/snow/slow steps/Snowslowsteps2.wav using Guid(5c5687ce41346ae44aab96f6d0c03856) Importer(815301076,1909f56bfc062723c751e8b465ee728b)  -> (artifact id: '14fab175506ee777db50289f68dbc32a') in 0.008004 seconds 
========================================================================
Received Import Request.
  Time since last request: 0.000026 seconds.
  path: Assets/Footstep(Snow and Grass)/StepsLoop/snow/slow steps/Snowslowsteps5.wav
  artifactKey: Guid(98051a22566d90e449063401631116c6) Importer(815301076,1909f56bfc062723c751e8b465ee728b)
Start importing Assets/Footstep(Snow and Grass)/StepsLoop/snow/slow steps/Snowslowsteps5.wav using Guid(98051a22566d90e449063401631116c6) Importer(815301076,1909f56bfc062723c751e8b465ee728b)  -> (artifact id: 'cc0f37c6b4238fb58bea0e9ac9e7c3eb') in 0.007815 seconds 
========================================================================
Received Prepare
Registering precompiled user dll's ...
Registered in 0.006024 seconds.
Begin MonoManager ReloadAssembly
Symbol file LoadedFromMemory doesn't match image C:\Users\marin\Documents\GitHub\Digital-Audio\MarinaAlbala_SceneAudio\Library\PackageCache\com.unity.visualscripting@1.7.8\Editor\VisualScripting.Core\Dependencies\YamlDotNet\Unity.VisualScripting.YamlDotNet.dll
Symbol file LoadedFromMemory doesn't match image C:\Users\marin\Documents\GitHub\Digital-Audio\MarinaAlbala_SceneAudio\Library\PackageCache\com.unity.visualscripting@1.7.8\Editor\VisualScripting.Core\Dependencies\DotNetZip\Unity.VisualScripting.IonicZip.dll
Native extension for WindowsStandalone target not found
Refreshing native plugins compatible for Editor in 0.99 ms, found 3 plugins.
Preloading 0 native plugins for Editor in 0.00 ms.
Mono: successfully reloaded assembly
- Completed reload, in  1.029 seconds
Domain Reload Profiling:
	ReloadAssembly (1029ms)
		BeginReloadAssembly (137ms)
			ExecutionOrderSort (0ms)
			DisableScriptedObjects (5ms)
			BackupInstance (0ms)
			ReleaseScriptingObjects (0ms)
			CreateAndSetChildDomain (37ms)
		EndReloadAssembly (791ms)
			LoadAssemblies (90ms)
			RebuildTransferFunctionScriptingTraits (0ms)
			SetupTypeCache (266ms)
			ReleaseScriptCaches (2ms)
			RebuildScriptCaches (49ms)
			SetupLoadedEditorAssemblies (334ms)
				LogAssemblyErrors (0ms)
				InitializePlatformSupportModulesInManaged (13ms)
				SetLoadedEditorAssemblies (0ms)
				RefreshPlugins (1ms)
				BeforeProcessingInitializeOnLoad (74ms)
				ProcessInitializeOnLoadAttributes (206ms)
				ProcessInitializeOnLoadMethodAttributes (27ms)
				AfterProcessingInitializeOnLoad (11ms)
				EditorAssembliesLoaded (0ms)
			ExecutionOrderSort2 (0ms)
			AwakeInstancesAfterBackupRestoration (6ms)
Platform modules already initialized, skipping
Refreshing native plugins compatible for Editor in 3.33 ms, found 3 plugins.
Preloading 0 native plugins for Editor in 0.00 ms.
Unloading 3377 Unused Serialized files (Serialized files now loaded: 0)
Unloading 20 unused Assets / (80.1 KB). Loaded Objects now: 3879.
Memory consumption went from 127.3 MB to 127.2 MB.
Total: 3.421500 ms (FindLiveObjects: 0.357200 ms CreateObjectMapping: 0.124600 ms MarkObjects: 2.764700 ms  DeleteObjects: 0.173100 ms)

AssetImportParameters requested are different than current active one (requested -> active):
  custom:video-decoder-ogg-theora: a1e56fd34408186e4bbccfd4996cb3dc -> 
  custom:container-muxer-webm: aa71ff27fc2769a1b78a27578f13a17b -> 
  custom:container-demuxer-webm: 4f35f7cbe854078d1ac9338744f61a02 -> 
  custom:video-encoder-webm-vp8: eb34c28f22e8b96e1ab97ce403110664 -> 
  custom:audio-encoder-webm-vorbis: bf7c407c2cedff20999df2af8eb42d56 -> 
  custom:framework-win-MediaFoundation: 216162199b28c13a410421893ffa2e32 -> 
  custom:container-demuxer-ogg: 62fdf1f143b41e24485cea50d1cbac27 -> 
  custom:video-decoder-webm-vp8: 9c59270c3fd7afecdb556c50c9e8de78 -> 
  custom:audio-decoder-ogg-vorbis: bf7c407c2cedff20999df2af8eb42d56 -> 
Editor requested this worker to shutdown with reason: Scaling down because of idle timeout
AssetImportWorker is now disconnected from the server
Process exiting
Exiting without the bug reporter. Application will terminate with return code 0